  1>Checking Build System
  CMake is re-running because F:/rdda/build/CMakeFiles/generate.stamp is out-of-date.
    the file 'F:/rdda/CMakeLists.txt'
    is newer than 'F:/rdda/build/CMakeFiles/generate.stamp.depend'
    result='-1'
  CMake Deprecation Warning at CMakeLists.txt:1 (cmake_minimum_required):
    Compatibility with CMake < 3.5 will be removed from a future version of
    CMake.
  
    Update the VERSION argument <min> value or use a ...<max> suffix to tell
    CMake that the project does not need compatibility with older versions.
  
  
  -- Selecting Windows SDK version 10.0.22621.0 to target Windows 10.0.19045.
  CMake Deprecation Warning at libraries/minhook/CMakeLists.txt:27 (cmake_minimum_required):
    Compatibility with CMake < 3.5 will be removed from a future version of
    CMake.
  
    Update the VERSION argument <min> value or use a ...<max> suffix to tell
    CMake that the project does not need compatibility with older versions.
  
  
  CMake Deprecation Warning at libraries/imgui-hook/CMakeLists.txt:1 (cmake_minimum_required):
    Compatibility with CMake < 3.5 will be removed from a future version of
    CMake.
  
    Update the VERSION argument <min> value or use a ...<max> suffix to tell
    CMake that the project does not need compatibility with older versions.
  
  
  -- Configuring done (0.0s)
  -- Generating done (0.2s)
  -- Build files have been written to: F:/rdda/build
